TEST
ALL DATA BEFORE THIS POINT WAS FROM A PRE-EXISTING LOG FILE
Python Scraper Out: Myoko
Mount Myoko
Yokosuka Naval Arsenal
Scuttled in the Strait of Malacca, 8 June 1946
13,500 t (13,300 long tons)
201.7 m (661 ft 9 in)
20.73 m (68 ft 0 in)
6.32 m (20 ft 9 in)
4-shaft geared turbines
12 Kampon boilers
130,000 shp
36 knots (41 mph; 67 km/h)
8,000 nmi (15,000 km) at 14 kn (16 mph; 26 km/h)
3
2 aircraft catapults
First Shanghai Incident
Second Sino-Japanese War
Pacific War
  Battle of the Philippines (1941-42) Battle of the Java Sea (1942) Battle of the Coral Sea (1942) Battle of Midway (1942) Operation Ke (1942) Battle of Empress Augusta Bay (1943) Battle of the Philippine Sea (1944) Battle of Leyte Gulf (1944)  
Battle of the Philippines (1941-42)
Battle of the Java Sea (1942)
Battle of the Coral Sea (1942)
Battle of Midway (1942)
Operation Ke (1942)
Battle of Empress Augusta Bay (1943)
Battle of the Philippine Sea (1944)
Battle of Leyte Gulf (1944)
The two values don't have the same unit
The property, draft, is not in Farragut
The property, range, is not in Farragut
The property, calculations, is not in Farragut
The two values don't have the same unit
{'noValues': False, 'sum': 237.0, 'mode': {'value': 100.0, 'frequency': 1}, 'median': 56.0, 'average': 59.25, 'minValue': 25.0, 'maxValue': 100.0, 'numberOfValues': 4}
{'noValues': False, 'sum': 2094.0, 'mode': {'value': 307.0, 'frequency': 1}, 'median': 307.0, 'average': 299.14285714285717, 'minValue': 38.0, 'maxValue': 495.0, 'numberOfValues': 7}
The two values don't have the same unit
The two values don't have the same unit
The property, calculations, is not in De Haven
The two values don't have the same unit
The two values don't have the same unit
{'sum': 237.0, 'mode': {'value': 100.0, 'frequency': 1}, 'median': 56.0, 'average': 59.25, 'minValue': 25.0, 'maxValue': 100.0, 'numberOfValues': 4, 'noValues': False}
{'noValues': False, 'sum': 1944.0, 'mode': {'value': 254.0, 'frequency': 1}, 'median': 229.0, 'average': 216.0, 'minValue': 51.0, 'maxValue': 356.0, 'numberOfValues': 9}
The two values don't have the same unit
{'sum': 237.0, 'mode': {'value': 100.0, 'frequency': 1}, 'median': 56.0, 'average': 59.25, 'minValue': 25.0, 'maxValue': 100.0, 'numberOfValues': 4, 'noValues': False}
{'noValues': False, 'sum': 1310.0, 'mode': {'value': 350.0, 'frequency': 2}, 'median': 350.0, 'average': 262.0, 'minValue': 50.0, 'maxValue': 360.0, 'numberOfValues': 5}
The two values don't have the same unit
{'sum': 237.0, 'mode': {'value': 100.0, 'frequency': 1}, 'median': 56.0, 'average': 59.25, 'minValue': 25.0, 'maxValue': 100.0, 'numberOfValues': 4, 'noValues': False}
{'noValues': False, 'sum': 1310.0, 'mode': {'value': 350.0, 'frequency': 2}, 'median': 350.0, 'average': 262.0, 'minValue': 50.0, 'maxValue': 360.0, 'numberOfValues': 5}
The two values don't have the same unit
The property, draft, is not in Victory
The property, range, is not in Victory
The property, calculations, is not in Victory
The two values don't have the same unit
The property, calculations, is not in Gearing
The two values don't have the same unit
{'sum': 237.0, 'mode': {'value': 100.0, 'frequency': 1}, 'median': 56.0, 'average': 59.25, 'minValue': 25.0, 'maxValue': 100.0, 'numberOfValues': 4, 'noValues': False}
{'noValues': False, 'sum': 1486.5, 'mode': {'value': 410.0, 'frequency': 1}, 'median': 318.25, 'average': 371.625, 'minValue': 200.0, 'maxValue': 650.0, 'numberOfValues': 4}
The two values don't have the same unit
The property, range, is not in Roma
{'sum': 237.0, 'mode': {'value': 100.0, 'frequency': 1}, 'median': 56.0, 'average': 59.25, 'minValue': 25.0, 'maxValue': 100.0, 'numberOfValues': 4, 'noValues': False}
{'noValues': False, 'sum': 1122.0, 'mode': {'value': 350.0, 'frequency': 2}, 'median': 305.0, 'average': 280.5, 'minValue': 162.0, 'maxValue': 350.0, 'numberOfValues': 4}
Aoba does not have a date for commissioned
The two values don't have the same unit
The property, beam, is not in Aoba
The property, draft, is not in Aoba
The two values don't have the same unit
The property, range, is not in Aoba
Nelson does not have a date for commissioned
The property, draft, is not in Nelson
{'sum': 237.0, 'mode': {'value': 100.0, 'frequency': 1}, 'median': 56.0, 'average': 59.25, 'minValue': 25.0, 'maxValue': 100.0, 'numberOfValues': 4, 'noValues': False}
{'noValues': False, 'sum': 2305.0, 'mode': {'value': 356.0, 'frequency': 2}, 'median': 356.0, 'average': 329.2857142857143, 'minValue': 171.0, 'maxValue': 406.0, 'numberOfValues': 7}
The two values don't have the same unit
{'sum': 237.0, 'mode': {'value': 100.0, 'frequency': 1}, 'median': 56.0, 'average': 59.25, 'minValue': 25.0, 'maxValue': 100.0, 'numberOfValues': 4, 'noValues': False}
{'noValues': False, 'sum': 900.0, 'mode': {'value': 320.0, 'frequency': 1}, 'median': 220.0, 'average': 225.0, 'minValue': 100.0, 'maxValue': 360.0, 'numberOfValues': 4}
The property, class, is not in Monitor
The property, range, is not in Monitor
{'sum': 237.0, 'mode': {'value': 100.0, 'frequency': 1}, 'median': 56.0, 'average': 59.25, 'minValue': 25.0, 'maxValue': 100.0, 'numberOfValues': 4, 'noValues': False}
{'noValues': False, 'sum': 660.0, 'mode': {'value': 203.0, 'frequency': 1}, 'median': 127.0, 'average': 132.0, 'minValue': 25.0, 'maxValue': 229.0, 'numberOfValues': 5}
The two values don't have the same unit
The property, draft, is not in Cleveland
The two values don't have the same unit
{'sum': 237.0, 'mode': {'value': 100.0, 'frequency': 1}, 'median': 56.0, 'average': 59.25, 'minValue': 25.0, 'maxValue': 100.0, 'numberOfValues': 4, 'noValues': False}
{'noValues': False, 'sum': 791.0, 'mode': {'value': 127.0, 'frequency': 2}, 'median': 108.0, 'average': 98.875, 'minValue': 38.0, 'maxValue': 152.0, 'numberOfValues': 8}
Constitution does not have a date for commissioned
The property, class, is not in Constitution
The two values don't have the same unit
The property, draft, is not in Constitution
The property, range, is not in Constitution
The property, calculations, is not in Constitution
[{"scrapeURL": "https://en.wikipedia.org/wiki/Japanese_cruiser_My%C5%8Dk%C5%8D", "configuration": 0, "displayName": "My\u014dk\u014d", "name": "Myoko", "importantDates": {"ordered": {"year": 1924}, "laid down": {"year": 1924}, "launched": {"year": 1927}, "commissioned": {"year": 1929}, "struck": {"year": 1946}}, "awards": [], "armament": {"normalGun": {"sizeCalculate": {"sum": 2776.3999999999996, "mode": {"value": 203.0, "frequency": 10}, "median": 203.0, "average": 154.2444444444444, "minValue": 13.2, "maxValue": 203.0, "numberOfValues": 18, "noValues": false}, "armaments": [{"fullName": "203 mm (8.0 in) guns (5x2)", "quantity": 10, "unknown": false, "size": 203.0, "unit": "mm", "isCannon": false, "isTorpedo": false, "isMissile": false, "pictures": [{"src": "https://upload.wikimedia.org/wikipedia/commons/thumb/0/04/Japanese_heavy_cruiser_Chikuma.jpg/300px-Japanese_heavy_cruiser_Chikuma.jpg", "description": "Japanese heavy cruiser Chikuma.jpg"}, {"src": "https://upload.wikimedia.org/wikipedia/commons/thumb/a/a1/Japanese_Navy_Aircraft_Carrier_Kaga_1928.jpg/220px-Japanese_Navy_Aircraft_Carrier_Kaga_1928.jpg", "description": "  Starboard quarter of Kaga with three casemate guns visible."}]}, {"fullName": "12 cm/45 10th Year Type naval gun guns (to 1934) or 8 x 12.7 cm/40 Type 89 naval guns (from 1935)", "quantity": 6, "unknown": false, "size": 120.0, "unit": "mm", "isCannon": false, "isTorpedo": false, "isMissile": false, "pictures": [{"src": "https://upload.wikimedia.org/wikipedia/commons/thumb/7/7b/127mmAA_on_IJN_Chitose_in_1938.jpg/300px-127mmAA_on_IJN_Chitose_in_1938.jpg", "description": "127mmAA on IJN Chitose in 1938.jpg"}]}, {"fullName": "13.2 mm (0.52 in) machine guns", "quantity": 2, "unknown": false, "size": 13.2, "unit": "mm", "isCannon": false, "isTorpedo": false, "isMissile": false, "pictures": [{"src": "https://upload.wikimedia.org/wikipedia/commons/thumb/c/cb/Hotchkiss-13.2mm-x2-AA-machine-gun-batey-haosef-2-1.jpg/300px-Hotchkiss-13.2mm-x2-AA-machine-gun-batey-haosef-2-1.jpg", "description": "Hotchkiss-13.2mm-x2-AA-machine-gun-batey-haosef-2-1.jpg"}, {"src": "https://upload.wikimedia.org/wikipedia/commons/thumb/2/2b/Three_different_13.2_mm_cartridges.JPG/220px-Three_different_13.2_mm_cartridges.JPG", "description": "  Three different 13,2 mm cartridges 13,2x99 Hotchkiss; 13,2x96 Hotchkiss; 13,2x92SR Tankgewehr."}, {"src": "https://upload.wikimedia.org/wikipedia/commons/thumb/e/ef/Machinegun_carriage_Le_Prieur_patent.jpg/250px-Machinegun_carriage_Le_Prieur_patent.jpg", "description": "  The quadruple naval mounting, as illustrated in US Patent 1700902 filed by Yves Le Prieur"}, {"src": "https://upload.wikimedia.org/wikipedia/commons/thumb/4/41/Safed_v.jpg/220px-Safed_v.jpg", "description": "  Yiftach Brigade with their Hotchkiss machine guns during the battle for Safed, 1948"}, {"src": "https://upload.wikimedia.org/wikipedia/commons/thumb/b/b6/AtaqueJapon%C3%A9sAShanghai.ogv/300px--AtaqueJapon%C3%A9sAShanghai.ogv.jpg", "description": "  Japanese attack on Shanghai"}]}]}, "torpedo": {"sizeCalculate": {"sum": 7320.0, "mode": {"value": 610.0, "frequency": 12}, "median": 610.0, "average": 610.0, "minValue": 610.0, "maxValue": 610.0, "numberOfValues": 12, "noValues": false}, "armaments": [{"fullName": "610 mm (24 in) torpedo tubes[1]", "quantity": 12, "unknown": false, "size": 610.0, "unit": "mm", "isCannon": false, "isTorpedo": true, "isMissile": false, "pictures": []}]}, "cannon": {"sizeCalculate": {"noValues": true}, "armaments": []}, "missile": {"sizeCalculate": {"noValues": true}, "armaments": []}}, "armor": {"armorObjects": [{"armorType": "Main", "minValue": 100.0, "maxValue": 100.0, "unit": "mm", "range": false}, {"armorType": "Main", "minValue": 37.0, "maxValue": 37.0, "unit": "mm", "range": false}, {"armorType": "Turrets", "minValue": 25.0, "maxValue": 25.0, "unit": "mm", "range": false}, {"armorType": "Barbettes", "minValue": 75.0, "maxValue": 75.0, "unit": "mm", "range": false}], "calculations": {"sum": 237.0, "mode": {"value": 100.0, "frequency": 1}, "median": 56.0, "average": 59.25, "minValue": 25.0, "maxValue": 100.0, "numberOfValues": 4, "noValues": false}}, "description": "Myoko (Miao Gao ) was the lead ship of the four-member Myoko class of heavy cruisers of the Imperial Japanese Navy (IJN), which were active in World War II.[2] She was named after Mount Myoko in Niigata Prefecture. The other ships of the class were Nachi, Ashigara, and Haguro.[3]", "physicalAttributes": {"displacement": {"value": 13500.0, "unit": "t"}, "length": {"value": 201.7, "unit": "m"}, "beam": {"value": 20.73, "unit": "m"}, "draft": {"value": 6.32, "unit": "m"}, "speed": {"value": 36.0, "unit": "knots"}, "range": {"value": 15000.0, "unit": "km"}}, "pictures": [{"src": "https://upload.wikimedia.org/wikipedia/commons/thumb/6/63/Myoko_after_surrender.jpg/300px-Myoko_after_surrender.jpg", "description": "Cruiser Myoko"}, {"src": "https://upload.wikimedia.org/wikipedia/commons/thumb/f/fb/Japanese_cruiser_Myoko_launch_1927.jpg/220px-Japanese_cruiser_Myoko_launch_1927.jpg", "description": "  Launch of Myoko, April 16, 1927."}, {"src": "https://upload.wikimedia.org/wikipedia/commons/thumb/4/49/Myoko_after_surrender_%282%29.jpg/220px-Myoko_after_surrender_%282%29.jpg", "description": "  Two British naval officers examine what is left of the Myoko's stern."}], "namesake": "Mount Myoko", "builder": "Yokosuka Naval Arsenal", "fate": {"value": "Scuttled", "unit": "in"}, "class": "myoko-class", "type": " cruiser", "propulsion": ["4-shaft geared turbines", "12 Kampon boilers", "130,000 shp"], "complement": 773, "aircraft carried": "3", "aviation facilities": "2 aircraft catapults", "operations": ["First Shanghai Incident", "Second Sino-Japanese War", "Pacific War", "  Battle of the Philippines (1941-42) Battle of the Java Sea (1942) Battle of the Coral Sea (1942) Battle of Midway (1942) Operation Ke (1942) Battle of Empress Augusta Bay (1943) Battle of the Philippine Sea (1944) Battle of Leyte Gulf (1944)  ", "Battle of the Philippines (1941-42)", "Battle of the Java Sea (1942)", "Battle of the Coral Sea (1942)", "Battle of Midway (1942)", "Operation Ke (1942)", "Battle of Empress Augusta Bay (1943)", "Battle of the Philippine Sea (1944)", "Battle of Leyte Gulf (1944)"]}]
Python Scraper Out: 

